# JRE version: OpenJDK Runtime Environment Temurin-21.0.10+7 (21.0.10+7) (build 21.0.10+7-LTS)
# Java VM: OpenJDK 64-Bit Server VM Temurin-21.0.10+7 (21.0.10+7-LTS, mixed mode, sharing, tiered, compressed oops, compressed class ptrs, parallel gc, windows-amd64)
GC Precious Log:
 CardTable entry size: 512
 CPUs: 16 total, 16 available
 Memory: 32507M
 Large Page Support: Disabled
 NUMA Support: Disabled
 Compressed Oops: Enabled (32-bit)
 Alignments: Space 512K, Generation 512K, Heap 2M
 Heap Min Capacity: 100M
 Heap Initial Capacity: 100M
 Heap Max Capacity: 2G
 Pre-touch: Disabled
 Parallel Workers: 13
Heap:
 PSYoungGen      total 8192K, used 2476K [0x00000000d5580000, 0x00000000d5f80000, 0x0000000100000000)
  eden space 7680K, 27% used [0x00000000d5580000,0x00000000d578b0e8,0x00000000d5d00000)
  from space 512K, 75% used [0x00000000d5f00000,0x00000000d5f60000,0x00000000d5f80000)
  to   space 512K, 0% used [0x00000000d5e80000,0x00000000d5e80000,0x00000000d5f00000)
 ParOldGen       total 89600K, used 89498K [0x0000000080000000, 0x0000000085780000, 0x00000000d5580000)
  object space 89600K, 99% used [0x0000000080000000,0x0000000085766878,0x0000000085780000)
 Metaspace       used 72355K, committed 73984K, reserved 1179648K
  class space    used 7503K, committed 8256K, reserved 1048576K
GC Heap History (20 events):
Event: 29.852 GC heap before
{Heap before GC invocations=70 (full 3):
 PSYoungGen      total 8192K, used 8189K [0x00000000d5580000, 0x00000000d6100000, 0x0000000100000000)
  eden space 7680K, 100% used [0x00000000d5580000,0x00000000d5d00000,0x00000000d5d00000)
  from space 512K, 99% used [0x00000000d6080000,0x00000000d60ff698,0x00000000d6100000)
  to   space 1024K, 0% used [0x00000000d5f00000,0x00000000d5f00000,0x00000000d6000000)
 ParOldGen       total 87040K, used 86847K [0x0000000080000000, 0x0000000085500000, 0x00000000d5580000)
  object space 87040K, 99% used [0x0000000080000000,0x00000000854cfd70,0x0000000085500000)
 Metaspace       used 70835K, committed 72384K, reserved 1114112K
  class space    used 7347K, committed 8064K, reserved 1048576K
}
Event: 29.854 GC heap after
{Heap after GC invocations=70 (full 3):
 PSYoungGen      total 8704K, used 464K [0x00000000d5580000, 0x00000000d6100000, 0x0000000100000000)
  eden space 7680K, 0% used [0x00000000d5580000,0x00000000d5580000,0x00000000d5d00000)
  from space 1024K, 45% used [0x00000000d5f00000,0x00000000d5f743d8,0x00000000d6000000)
  to   space 1024K, 0% used [0x00000000d6000000,0x00000000d6000000,0x00000000d6100000)
 ParOldGen       total 87040K, used 87015K [0x0000000080000000, 0x0000000085500000, 0x00000000d5580000)
  object space 87040K, 99% used [0x0000000080000000,0x00000000854f9d70,0x0000000085500000)
 Metaspace       used 70835K, committed 72384K, reserved 1114112K
  class space    used 7347K, committed 8064K, reserved 1048576K
}
Event: 29.880 GC heap before
{Heap before GC invocations=71 (full 3):
 PSYoungGen      total 8704K, used 8144K [0x00000000d5580000, 0x00000000d6100000, 0x0000000100000000)
  eden space 7680K, 100% used [0x00000000d5580000,0x00000000d5d00000,0x00000000d5d00000)
  from space 1024K, 45% used [0x00000000d5f00000,0x00000000d5f743d8,0x00000000d6000000)
  to   space 1024K, 0% used [0x00000000d6000000,0x00000000d6000000,0x00000000d6100000)
 ParOldGen       total 87040K, used 87015K [0x0000000080000000, 0x0000000085500000, 0x00000000d5580000)
  object space 87040K, 99% used [0x0000000080000000,0x00000000854f9d70,0x0000000085500000)
 Metaspace       used 70835K, committed 72384K, reserved 1114112K
  class space    used 7347K, committed 8064K, reserved 1048576K
}
Event: 29.881 GC heap after
{Heap after GC invocations=71 (full 3):
 PSYoungGen      total 8704K, used 829K [0x00000000d5580000, 0x00000000d6100000, 0x0000000100000000)
  eden space 7680K, 0% used [0x00000000d5580000,0x00000000d5580000,0x00000000d5d00000)
  from space 1024K, 80% used [0x00000000d6000000,0x00000000d60cf4f8,0x00000000d6100000)
  to   space 1024K, 0% used [0x00000000d5f00000,0x00000000d5f00000,0x00000000d6000000)
 ParOldGen       total 87552K, used 87231K [0x0000000080000000, 0x0000000085580000, 0x00000000d5580000)
  object space 87552K, 99% used [0x0000000080000000,0x000000008552fd70,0x0000000085580000)
 Metaspace       used 70835K, committed 72384K, reserved 1114112K
  class space    used 7347K, committed 8064K, reserved 1048576K
}
Event: 29.902 GC heap before
{Heap before GC invocations=72 (full 3):
 PSYoungGen      total 8704K, used 8509K [0x00000000d5580000, 0x00000000d6100000, 0x0000000100000000)
  eden space 7680K, 100% used [0x00000000d5580000,0x00000000d5d00000,0x00000000d5d00000)
  from space 1024K, 80% used [0x00000000d6000000,0x00000000d60cf4f8,0x00000000d6100000)
  to   space 1024K, 0% used [0x00000000d5f00000,0x00000000d5f00000,0x00000000d6000000)
 ParOldGen       total 87552K, used 87231K [0x0000000080000000, 0x0000000085580000, 0x00000000d5580000)
  object space 87552K, 99% used [0x0000000080000000,0x000000008552fd70,0x0000000085580000)
 Metaspace       used 70836K, committed 72384K, reserved 1114112K
  class space    used 7347K, committed 8064K, reserved 1048576K
}
Event: 29.902 GC heap after
{Heap after GC invocations=72 (full 3):
 PSYoungGen      total 8704K, used 256K [0x00000000d5580000, 0x00000000d6080000, 0x0000000100000000)
  eden space 7680K, 0% used [0x00000000d5580000,0x00000000d5580000,0x00000000d5d00000)
  from space 1024K, 25% used [0x00000000d5f00000,0x00000000d5f40000,0x00000000d6000000)
  to   space 512K, 0% used [0x00000000d6000000,0x00000000d6000000,0x00000000d6080000)
 ParOldGen       total 87552K, used 87327K [0x0000000080000000, 0x0000000085580000, 0x00000000d5580000)
  object space 87552K, 99% used [0x0000000080000000,0x0000000085547d70,0x0000000085580000)
 Metaspace       used 70836K, committed 72384K, reserved 1114112K
  class space    used 7347K, committed 8064K, reserved 1048576K
}
Event: 30.030 GC heap before
{Heap before GC invocations=73 (full 3):
 PSYoungGen      total 8704K, used 7936K [0x00000000d5580000, 0x00000000d6080000, 0x0000000100000000)
  eden space 7680K, 100% used [0x00000000d5580000,0x00000000d5d00000,0x00000000d5d00000)
  from space 1024K, 25% used [0x00000000d5f00000,0x00000000d5f40000,0x00000000d6000000)
  to   space 512K, 0% used [0x00000000d6000000,0x00000000d6000000,0x00000000d6080000)
 ParOldGen       total 87552K, used 87327K [0x0000000080000000, 0x0000000085580000, 0x00000000d5580000)
  object space 87552K, 99% used [0x0000000080000000,0x0000000085547d70,0x0000000085580000)
 Metaspace       used 71009K, committed 72512K, reserved 1114112K
  class space    used 7362K, committed 8064K, reserved 1048576K
}
Event: 30.031 GC heap after
{Heap after GC invocations=73 (full 3):
 PSYoungGen      total 8192K, used 484K [0x00000000d5580000, 0x00000000d6080000, 0x0000000100000000)
  eden space 7680K, 0% used [0x00000000d5580000,0x00000000d5580000,0x00000000d5d00000)
  from space 512K, 94% used [0x00000000d6000000,0x00000000d6079010,0x00000000d6080000)
  to   space 1024K, 0% used [0x00000000d5e80000,0x00000000d5e80000,0x00000000d5f80000)
 ParOldGen       total 87552K, used 87440K [0x0000000080000000, 0x0000000085580000, 0x00000000d5580000)
  object space 87552K, 99% used [0x0000000080000000,0x00000000855641d0,0x0000000085580000)
 Metaspace       used 71009K, committed 72512K, reserved 1114112K
  class space    used 7362K, committed 8064K, reserved 1048576K
}
Event: 30.250 GC heap before
{Heap before GC invocations=74 (full 3):
 PSYoungGen      total 8192K, used 8164K [0x00000000d5580000, 0x00000000d6080000, 0x0000000100000000)
  eden space 7680K, 100% used [0x00000000d5580000,0x00000000d5d00000,0x00000000d5d00000)
  from space 512K, 94% used [0x00000000d6000000,0x00000000d6079010,0x00000000d6080000)
  to   space 1024K, 0% used [0x00000000d5e80000,0x00000000d5e80000,0x00000000d5f80000)
 ParOldGen       total 87552K, used 87440K [0x0000000080000000, 0x0000000085580000, 0x00000000d5580000)
  object space 87552K, 99% used [0x0000000080000000,0x00000000855641d0,0x0000000085580000)
 Metaspace       used 71478K, committed 73024K, reserved 1114112K
  class space    used 7446K, committed 8192K, reserved 1048576K
}
Event: 30.251 GC heap after
{Heap after GC invocations=74 (full 3):
 PSYoungGen      total 8704K, used 518K [0x00000000d5580000, 0x00000000d6080000, 0x0000000100000000)
  eden space 7680K, 0% used [0x00000000d5580000,0x00000000d5580000,0x00000000d5d00000)
  from space 1024K, 50% used [0x00000000d5e80000,0x00000000d5f01a58,0x00000000d5f80000)
  to   space 1024K, 0% used [0x00000000d5f80000,0x00000000d5f80000,0x00000000d6080000)
 ParOldGen       total 88064K, used 87588K [0x0000000080000000, 0x0000000085600000, 0x00000000d5580000)
  object space 88064K, 99% used [0x0000000080000000,0x00000000855891e0,0x0000000085600000)
 Metaspace       used 71478K, committed 73024K, reserved 1114112K
  class space    used 7446K, committed 8192K, reserved 1048576K
}
Event: 30.507 GC heap before
{Heap before GC invocations=75 (full 3):
 PSYoungGen      total 8704K, used 8198K [0x00000000d5580000, 0x00000000d6080000, 0x0000000100000000)
  eden space 7680K, 100% used [0x00000000d5580000,0x00000000d5d00000,0x00000000d5d00000)
  from space 1024K, 50% used [0x00000000d5e80000,0x00000000d5f01a58,0x00000000d5f80000)
  to   space 1024K, 0% used [0x00000000d5f80000,0x00000000d5f80000,0x00000000d6080000)
 ParOldGen       total 88064K, used 87588K [0x0000000080000000, 0x0000000085600000, 0x00000000d5580000)
  object space 88064K, 99% used [0x0000000080000000,0x00000000855891e0,0x0000000085600000)
 Metaspace       used 71601K, committed 73088K, reserved 1114112K
  class space    used 7455K, committed 8192K, reserved 1048576K
}
Event: 30.508 GC heap after
{Heap after GC invocations=75 (full 3):
 PSYoungGen      total 8704K, used 662K [0x00000000d5580000, 0x00000000d6080000, 0x0000000100000000)
  eden space 7680K, 0% used [0x00000000d5580000,0x00000000d5580000,0x00000000d5d00000)
  from space 1024K, 64% used [0x00000000d5f80000,0x00000000d6025b70,0x00000000d6080000)
  to   space 1024K, 0% used [0x00000000d5e80000,0x00000000d5e80000,0x00000000d5f80000)
 ParOldGen       total 88064K, used 87884K [0x0000000080000000, 0x0000000085600000, 0x00000000d5580000)
  object space 88064K, 99% used [0x0000000080000000,0x00000000855d33b0,0x0000000085600000)
 Metaspace       used 71601K, committed 73088K, reserved 1114112K
  class space    used 7455K, committed 8192K, reserved 1048576K
}
Event: 30.607 GC heap before
{Heap before GC invocations=76 (full 3):
 PSYoungGen      total 8704K, used 8342K [0x00000000d5580000, 0x00000000d6080000, 0x0000000100000000)
  eden space 7680K, 100% used [0x00000000d5580000,0x00000000d5d00000,0x00000000d5d00000)
  from space 1024K, 64% used [0x00000000d5f80000,0x00000000d6025b70,0x00000000d6080000)
  to   space 1024K, 0% used [0x00000000d5e80000,0x00000000d5e80000,0x00000000d5f80000)
 ParOldGen       total 88064K, used 87884K [0x0000000080000000, 0x0000000085600000, 0x00000000d5580000)
  object space 88064K, 99% used [0x0000000080000000,0x00000000855d33b0,0x0000000085600000)
 Metaspace       used 71646K, committed 73152K, reserved 1114112K
  class space    used 7458K, committed 8192K, reserved 1048576K
}
Event: 30.608 GC heap after
{Heap after GC invocations=76 (full 3):
 PSYoungGen      total 8704K, used 850K [0x00000000d5580000, 0x00000000d6000000, 0x0000000100000000)
  eden space 7680K, 0% used [0x00000000d5580000,0x00000000d5580000,0x00000000d5d00000)
  from space 1024K, 83% used [0x00000000d5e80000,0x00000000d5f54ae8,0x00000000d5f80000)
  to   space 512K, 0% used [0x00000000d5f80000,0x00000000d5f80000,0x00000000d6000000)
 ParOldGen       total 88576K, used 88309K [0x0000000080000000, 0x0000000085680000, 0x00000000d5580000)
  object space 88576K, 99% used [0x0000000080000000,0x000000008563d628,0x0000000085680000)
 Metaspace       used 71646K, committed 73152K, reserved 1114112K
  class space    used 7458K, committed 8192K, reserved 1048576K
}
Event: 32.376 GC heap before
{Heap before GC invocations=77 (full 3):
 PSYoungGen      total 8704K, used 8530K [0x00000000d5580000, 0x00000000d6000000, 0x0000000100000000)
  eden space 7680K, 100% used [0x00000000d5580000,0x00000000d5d00000,0x00000000d5d00000)
  from space 1024K, 83% used [0x00000000d5e80000,0x00000000d5f54ae8,0x00000000d5f80000)
  to   space 512K, 0% used [0x00000000d5f80000,0x00000000d5f80000,0x00000000d6000000)
 ParOldGen       total 88576K, used 88309K [0x0000000080000000, 0x0000000085680000, 0x00000000d5580000)
  object space 88576K, 99% used [0x0000000080000000,0x000000008563d628,0x0000000085680000)
 Metaspace       used 71811K, committed 73344K, reserved 1179648K
  class space    used 7465K, committed 8192K, reserved 1048576K
}
Event: 32.378 GC heap after
{Heap after GC invocations=77 (full 3):
 PSYoungGen      total 8192K, used 504K [0x00000000d5580000, 0x00000000d6000000, 0x0000000100000000)
  eden space 7680K, 0% used [0x00000000d5580000,0x00000000d5580000,0x00000000d5d00000)
  from space 512K, 98% used [0x00000000d5f80000,0x00000000d5ffe148,0x00000000d6000000)
  to   space 1024K, 0% used [0x00000000d5e00000,0x00000000d5e00000,0x00000000d5f00000)
 ParOldGen       total 89088K, used 88661K [0x0000000080000000, 0x0000000085700000, 0x00000000d5580000)
  object space 89088K, 99% used [0x0000000080000000,0x0000000085695470,0x0000000085700000)
 Metaspace       used 71811K, committed 73344K, reserved 1179648K
  class space    used 7465K, committed 8192K, reserved 1048576K
}
Event: 74310.844 GC heap before
{Heap before GC invocations=78 (full 3):
 PSYoungGen      total 8192K, used 8184K [0x00000000d5580000, 0x00000000d6000000, 0x0000000100000000)
  eden space 7680K, 100% used [0x00000000d5580000,0x00000000d5d00000,0x00000000d5d00000)
  from space 512K, 98% used [0x00000000d5f80000,0x00000000d5ffe148,0x00000000d6000000)
  to   space 1024K, 0% used [0x00000000d5e00000,0x00000000d5e00000,0x00000000d5f00000)
 ParOldGen       total 89088K, used 88661K [0x0000000080000000, 0x0000000085700000, 0x00000000d5580000)
  object space 89088K, 99% used [0x0000000080000000,0x0000000085695470,0x0000000085700000)
 Metaspace       used 72337K, committed 73920K, reserved 1179648K
  class space    used 7503K, committed 8256K, reserved 1048576K
}
Event: 74310.855 GC heap after
{Heap after GC invocations=78 (full 3):
 PSYoungGen      total 8704K, used 640K [0x00000000d5580000, 0x00000000d6000000, 0x0000000100000000)
  eden space 7680K, 0% used [0x00000000d5580000,0x00000000d5580000,0x00000000d5d00000)
  from space 1024K, 62% used [0x00000000d5e00000,0x00000000d5ea0000,0x00000000d5f00000)
  to   space 1024K, 0% used [0x00000000d5f00000,0x00000000d5f00000,0x00000000d6000000)
 ParOldGen       total 89600K, used 89088K [0x0000000080000000, 0x0000000085780000, 0x00000000d5580000)
  object space 89600K, 99% used [0x0000000080000000,0x0000000085700320,0x0000000085780000)
 Metaspace       used 72337K, committed 73920K, reserved 1179648K
  class space    used 7503K, committed 8256K, reserved 1048576K
}
Event: 165384.792 GC heap before
{Heap before GC invocations=79 (full 3):
 PSYoungGen      total 8704K, used 8320K [0x00000000d5580000, 0x00000000d6000000, 0x0000000100000000)
  eden space 7680K, 100% used [0x00000000d5580000,0x00000000d5d00000,0x00000000d5d00000)
  from space 1024K, 62% used [0x00000000d5e00000,0x00000000d5ea0000,0x00000000d5f00000)
  to   space 1024K, 0% used [0x00000000d5f00000,0x00000000d5f00000,0x00000000d6000000)
 ParOldGen       total 89600K, used 89088K [0x0000000080000000, 0x0000000085780000, 0x00000000d5580000)
  object space 89600K, 99% used [0x0000000080000000,0x0000000085700320,0x0000000085780000)
 Metaspace       used 72343K, committed 73984K, reserved 1179648K
  class space    used 7503K, committed 8256K, reserved 1048576K
}
Event: 165384.815 GC heap after
{Heap after GC invocations=79 (full 3):
 PSYoungGen      total 8192K, used 384K [0x00000000d5580000, 0x00000000d5f80000, 0x0000000100000000)
  eden space 7680K, 0% used [0x00000000d5580000,0x00000000d5580000,0x00000000d5d00000)
  from space 512K, 75% used [0x00000000d5f00000,0x00000000d5f60000,0x00000000d5f80000)
  to   space 512K, 0% used [0x00000000d5e80000,0x00000000d5e80000,0x00000000d5f00000)
 ParOldGen       total 89600K, used 89498K [0x0000000080000000, 0x0000000085780000, 0x00000000d5580000)
  object space 89600K, 99% used [0x0000000080000000,0x0000000085766878,0x0000000085780000)
 Metaspace       used 72343K, committed 73984K, reserved 1179648K
  class space    used 7503K, committed 8256K, reserved 1048576K
}

